ISim log file
Running: /home/ise/project/PDS_seminar/seminar/Processor_test_isim_beh.exe -intstyle ise -gui -tclbatch isim.cmd -wdb /home/ise/project/PDS_seminar/seminar/Processor_test_isim_beh.wdb 
ISim P.20131013 (signature 0xfbc00daa)
----------------------------------------------------------------------
WARNING:Security:42 - Your software subscription period has lapsed. Your current version of Xilinx tools will continue to function, but you no longer qualify for Xilinx software updates or new releases.


----------------------------------------------------------------------
This is a Full version of ISim.
Time resolution is 1 ps
# onerror resume
# wave add /
# run 1000 ns
Simulator is doing circuit initialization process.
Finished circuit initialization process.
Stopped at time : 1 us :  in File "/home/ise/project/PDS_seminar/seminar/Processor_test.v" Line 47 
# restart
# run all
Simulator is doing circuit initialization process.
Finished circuit initialization process.
Stopped at time : 1 us :  in File "/home/ise/project/PDS_seminar/seminar/Processor_test.v" Line 47 
# exit 0
